<?xml version="1.0" encoding="UTF-8"?>
<!-- Generated by org.testng.reporters.JUnitReportReporter -->
<testsuite hostname="Laptop2" name="firsttestngpackage.FirstTestNGFile" tests="2" failures="0" timestamp="17 Dec 2015 22:47:58 GMT" time="1.516" errors="0">
  <testcase name="f" time="0.012" classname="firsttestngpackage.FirstTestNGFile"/>
  <testcase name="verifyHomepageTitle" time="1.504" classname="firsttestngpackage.FirstTestNGFile"/>
</testsuite> <!-- firsttestngpackage.FirstTestNGFile -->
